This is pdfeTeXk, Version 3.141592-1.11b-2.1 (Web2C 7.5.2) (format=pdflatex 2004.10.9)  23 OCT 2004 14:39
entering extended mode
\write18 enabled.
 %&-line parsing enabled.
 (/usr/local/teTeX/share/texmf.tetex/web2c/cp8bit.tcx)
**chapter6-main-study-RESULTS-WM.tex
(./chapter6-main-study-RESULTS-WM.tex{/usr/local/teTeX/share/texmf.local/pdftex
/config/pdftex.cfg}
LaTeX2e <2001/06/01>
Babel <v3.7h> and hyphenation patterns for american, french, german, ngerman, n
ohyphenation, loaded.
! Undefined control sequence.
l.62 \section
             {Overview of Results}
? 
! Emergency stop.
l.62 \section
             {Overview of Results}
End of file on the terminal!

 
Here is how much of TeX's memory you used:
 5 strings out of 95314
 144 string characters out of 1187311
 44508 words of memory out of 1500001
 3171 multiletter control sequences out of 10000+50000
 3640 words of font info for 14 fonts, out of 1000000 for 2000
 14 hyphenation exceptions out of 1000
 5i,0n,1p,187b,8s stack positions out of 5000i,500n,6000p,200000b,40000s
 0 PDF objects out of 300000
 0 named destinations out of 131072
 1 words of extra memory for PDF output out of 65536
No pages of output.
