This is pdfeTeXk, Version 3.141592-1.11b-2.1 (Web2C 7.5.2) (format=pdflatex 2004.10.9)  17 OCT 2004 20:54
entering extended mode
\write18 enabled.
 %&-line parsing enabled.
 (/usr/local/teTeX/share/texmf.tetex/web2c/cp8bit.tcx)
**chapter1-introduction.tex
(./chapter1-introduction.tex{/usr/local/teTeX/share/texmf.local/pdftex/config/p
dftex.cfg}
LaTeX2e <2001/06/01>
Babel <v3.7h> and hyphenation patterns for american, french, german, ngerman, n
ohyphenation, loaded.

! LaTeX Error: Missing \begin{document}.

See the LaTeX manual or LaTeX Companion for explanation.
Type  H <return>  for immediate help.
 ...                                              
                                                  
l.60 P
      ersonal Information Management (PIM) is an umbrella term used to descr...

? 
! Emergency stop.
 ...                                              
                                                  
l.60 P
      ersonal Information Management (PIM) is an umbrella term used to descr...

You're in trouble here.  Try typing  <return>  to proceed.
If that doesn't work, type  X <return>  to quit.

 
Here is how much of TeX's memory you used:
 6 strings out of 95314
 241 string characters out of 1187311
 44508 words of memory out of 1500001
 3171 multiletter control sequences out of 10000+50000
 3640 words of font info for 14 fonts, out of 1000000 for 2000
 14 hyphenation exceptions out of 1000
 5i,0n,4p,768b,14s stack positions out of 5000i,500n,6000p,200000b,40000s
 0 PDF objects out of 300000
 0 named destinations out of 131072
 1 words of extra memory for PDF output out of 65536
No pages of output.
